
Sun 13 Feb 2022 03:36:01 PM UTC
Sun 13 Feb 2022 03:37:25 PM UTC
Sun 13 Feb 2022 03:43:22 PM UTC
Sun 13 Feb 2022 03:44:36 PM UTC
Sun 13 Feb 2022 03:48:42 PM UTC
Sun 13 Feb 2022 03:48:56 PM UTC
Sun 13 Feb 2022 03:50:57 PM UTC
Sun 13 Feb 2022 04:00:01 PM UTC
Sun 13 Feb 2022 05:00:01 PM UTC
Sun 13 Feb 2022 06:00:01 PM UTC
Sun 13 Feb 2022 07:00:01 PM UTC
Sun 13 Feb 2022 08:00:01 PM UTC
Sun 13 Feb 2022 09:00:01 PM UTC
Sun 13 Feb 2022 10:00:01 PM UTC
Sun 13 Feb 2022 11:00:01 PM UTC
Mon 14 Feb 2022 12:00:01 AM UTC
Mon 14 Feb 2022 01:00:01 AM UTC
Mon 14 Feb 2022 02:00:01 AM UTC
Mon 14 Feb 2022 03:00:01 AM UTC
Mon 14 Feb 2022 04:00:01 AM UTC
Mon 14 Feb 2022 05:00:01 AM UTC
Mon 14 Feb 2022 06:00:01 AM UTC
Mon 14 Feb 2022 07:00:01 AM UTC
Mon 14 Feb 2022 08:00:01 AM UTC
Mon 14 Feb 2022 09:00:01 AM UTC
Mon 14 Feb 2022 10:00:01 AM UTC
Mon 14 Feb 2022 11:00:01 AM UTC
Mon 14 Feb 2022 12:00:02 PM UTC
Mon 14 Feb 2022 01:00:01 PM UTC
Mon 14 Feb 2022 02:00:01 PM UTC
Mon 14 Feb 2022 03:00:01 PM UTC
Mon 14 Feb 2022 04:00:01 PM UTC
Mon 14 Feb 2022 05:00:01 PM UTC
Mon 14 Feb 2022 06:00:01 PM UTC
Mon 14 Feb 2022 07:00:01 PM UTC
Mon 14 Feb 2022 08:00:01 PM UTC
Mon 14 Feb 2022 09:00:01 PM UTC
Mon 14 Feb 2022 10:00:01 PM UTC
Mon 14 Feb 2022 11:00:01 PM UTC
Tue 15 Feb 2022 12:00:01 AM UTC
Tue 15 Feb 2022 01:00:01 AM UTC
Tue 15 Feb 2022 02:00:01 AM UTC
Tue 15 Feb 2022 03:00:01 AM UTC
Tue 15 Feb 2022 04:00:01 AM UTC
Tue 15 Feb 2022 05:00:01 AM UTC
Tue 15 Feb 2022 06:00:01 AM UTC
Tue 15 Feb 2022 07:00:01 AM UTC
Tue 15 Feb 2022 08:00:01 AM UTC
Tue 15 Feb 2022 09:00:01 AM UTC
Tue 15 Feb 2022 10:00:01 AM UTC
Tue 15 Feb 2022 11:00:01 AM UTC
Tue 15 Feb 2022 12:00:01 PM UTC
Tue 15 Feb 2022 01:00:02 PM UTC
Tue 15 Feb 2022 02:00:01 PM UTC
Tue 15 Feb 2022 03:00:01 PM UTC
Tue 15 Feb 2022 04:00:01 PM UTC
Tue 15 Feb 2022 05:00:01 PM UTC
Tue 15 Feb 2022 06:00:01 PM UTC
Tue 15 Feb 2022 07:00:01 PM UTC
Tue 15 Feb 2022 08:00:01 PM UTC
Tue 15 Feb 2022 09:00:01 PM UTC
Tue 15 Feb 2022 10:00:01 PM UTC
Tue 15 Feb 2022 11:00:01 PM UTC
Wed 16 Feb 2022 12:00:01 AM UTC
Wed 16 Feb 2022 01:00:01 AM UTC
Wed 16 Feb 2022 02:00:01 AM UTC
Wed 16 Feb 2022 03:00:01 AM UTC
Wed 16 Feb 2022 04:00:01 AM UTC
Wed 16 Feb 2022 05:00:01 AM UTC
Wed 16 Feb 2022 06:00:01 AM UTC
Wed 16 Feb 2022 07:00:01 AM UTC
Wed 16 Feb 2022 08:00:01 AM UTC
Wed 16 Feb 2022 09:00:01 AM UTC
Wed 16 Feb 2022 10:00:01 AM UTC
Wed 16 Feb 2022 11:00:01 AM UTC
Wed 16 Feb 2022 12:00:01 PM UTC
Wed 16 Feb 2022 01:00:01 PM UTC
Wed 16 Feb 2022 02:00:01 PM UTC
Wed 16 Feb 2022 03:00:01 PM UTC
Wed 16 Feb 2022 04:00:01 PM UTC
Wed 16 Feb 2022 05:00:01 PM UTC
Wed 16 Feb 2022 06:00:01 PM UTC
Wed 16 Feb 2022 07:00:01 PM UTC
Wed 16 Feb 2022 08:00:01 PM UTC
Wed 16 Feb 2022 09:00:01 PM UTC
Wed 16 Feb 2022 10:00:01 PM UTC
Wed 16 Feb 2022 11:00:01 PM UTC
Thu 17 Feb 2022 12:00:01 AM UTC
Thu 17 Feb 2022 01:00:01 AM UTC
Thu 17 Feb 2022 02:00:01 AM UTC
Thu 17 Feb 2022 03:00:01 AM UTC
Thu 17 Feb 2022 04:00:01 AM UTC
Thu 17 Feb 2022 05:00:01 AM UTC
Thu 17 Feb 2022 06:00:01 AM UTC
Thu 17 Feb 2022 07:00:01 AM UTC
Thu 17 Feb 2022 08:00:01 AM UTC
Thu 17 Feb 2022 09:00:01 AM UTC
Thu 17 Feb 2022 10:00:01 AM UTC
Thu 17 Feb 2022 11:00:01 AM UTC
Thu 17 Feb 2022 12:00:01 PM UTC
Thu 17 Feb 2022 01:00:01 PM UTC
Thu 17 Feb 2022 02:00:01 PM UTC
Thu 17 Feb 2022 03:00:01 PM UTC
Thu 17 Feb 2022 04:00:01 PM UTC
Thu 17 Feb 2022 05:00:01 PM UTC
Thu 17 Feb 2022 06:00:01 PM UTC
Thu 17 Feb 2022 07:00:01 PM UTC
Thu 17 Feb 2022 08:00:01 PM UTC
Thu 17 Feb 2022 09:00:01 PM UTC
Thu 17 Feb 2022 10:00:01 PM UTC
Thu 17 Feb 2022 11:00:01 PM UTC
Fri 18 Feb 2022 12:00:01 AM UTC
Fri 18 Feb 2022 01:00:01 AM UTC
Fri 18 Feb 2022 02:00:01 AM UTC
Fri 18 Feb 2022 03:00:01 AM UTC
Fri 18 Feb 2022 04:00:01 AM UTC
Fri 18 Feb 2022 05:00:01 AM UTC
Fri 18 Feb 2022 06:00:01 AM UTC
Fri 18 Feb 2022 07:00:02 AM UTC
Fri 18 Feb 2022 08:00:01 AM UTC
Fri 18 Feb 2022 09:00:01 AM UTC
Fri 18 Feb 2022 10:00:01 AM UTC
Fri 18 Feb 2022 11:00:01 AM UTC
Fri 18 Feb 2022 12:00:02 PM UTC
Fri 18 Feb 2022 01:00:01 PM UTC
Fri 18 Feb 2022 02:00:01 PM UTC
Fri 18 Feb 2022 03:00:01 PM UTC
Fri 18 Feb 2022 04:00:01 PM UTC
Fri 18 Feb 2022 05:00:01 PM UTC
Fri 18 Feb 2022 06:00:01 PM UTC
Fri 18 Feb 2022 07:00:01 PM UTC
Fri 18 Feb 2022 08:00:01 PM UTC
Fri 18 Feb 2022 09:00:01 PM UTC
Fri 18 Feb 2022 10:00:01 PM UTC
Fri 18 Feb 2022 11:00:01 PM UTC
Sat 19 Feb 2022 12:00:01 AM UTC
Sat 19 Feb 2022 01:00:01 AM UTC
Sat 19 Feb 2022 02:00:01 AM UTC
Sat 19 Feb 2022 03:00:01 AM UTC
Sat 19 Feb 2022 04:00:01 AM UTC
Sat 19 Feb 2022 05:00:01 AM UTC
Sat 19 Feb 2022 06:00:01 AM UTC
Sat 19 Feb 2022 07:00:01 AM UTC
Sat 19 Feb 2022 08:00:01 AM UTC
Sat 19 Feb 2022 09:00:01 AM UTC
Sat 19 Feb 2022 10:00:01 AM UTC
Sat 19 Feb 2022 11:00:01 AM UTC
Sat 19 Feb 2022 12:00:01 PM UTC
Sat 19 Feb 2022 01:00:01 PM UTC
Sat 19 Feb 2022 02:00:01 PM UTC
Sat 19 Feb 2022 03:00:01 PM UTC
Sat 19 Feb 2022 04:00:01 PM UTC
Sat 19 Feb 2022 05:00:01 PM UTC
Sat 19 Feb 2022 06:00:01 PM UTC
Sat 19 Feb 2022 07:00:01 PM UTC
Sat 19 Feb 2022 08:00:01 PM UTC
Sat 19 Feb 2022 09:00:01 PM UTC
Sat 19 Feb 2022 10:00:01 PM UTC
Sat 19 Feb 2022 11:00:01 PM UTC
Sun 20 Feb 2022 12:00:01 AM UTC
Sun 20 Feb 2022 01:00:01 AM UTC
Sun 20 Feb 2022 02:00:01 AM UTC
Sun 20 Feb 2022 03:00:01 AM UTC
Sun 20 Feb 2022 04:00:01 AM UTC
Sun 20 Feb 2022 05:00:01 AM UTC
Sun 20 Feb 2022 06:00:01 AM UTC
Sun 20 Feb 2022 07:00:01 AM UTC
Sun 20 Feb 2022 08:00:01 AM UTC
Sun 20 Feb 2022 09:00:01 AM UTC
Sun 20 Feb 2022 10:00:01 AM UTC
Sun 20 Feb 2022 11:00:01 AM UTC
Sun 20 Feb 2022 12:00:01 PM UTC
Sun 20 Feb 2022 01:00:01 PM UTC
Sun 20 Feb 2022 02:00:01 PM UTC
Sun 20 Feb 2022 03:00:01 PM UTC
Sun 20 Feb 2022 04:00:01 PM UTC
Sun 20 Feb 2022 05:00:01 PM UTC
Sun 20 Feb 2022 06:00:01 PM UTC
Sun 20 Feb 2022 07:00:01 PM UTC
Sun 20 Feb 2022 08:00:01 PM UTC
Sun 20 Feb 2022 09:00:01 PM UTC
Sun 20 Feb 2022 10:00:01 PM UTC
Sun 20 Feb 2022 11:00:01 PM UTC
Mon 21 Feb 2022 12:00:01 AM UTC
Mon 21 Feb 2022 01:00:02 AM UTC
Mon 21 Feb 2022 02:00:01 AM UTC
Mon 21 Feb 2022 03:00:01 AM UTC
Mon 21 Feb 2022 04:00:01 AM UTC
Mon 21 Feb 2022 05:00:01 AM UTC
Mon 21 Feb 2022 06:00:01 AM UTC
Mon 21 Feb 2022 07:00:01 AM UTC
Mon 21 Feb 2022 08:00:01 AM UTC
Mon 21 Feb 2022 09:00:01 AM UTC
Mon 21 Feb 2022 10:00:01 AM UTC
Mon 21 Feb 2022 11:00:01 AM UTC
Mon 21 Feb 2022 12:00:01 PM UTC
Mon 21 Feb 2022 01:00:01 PM UTC
Mon 21 Feb 2022 02:00:01 PM UTC
Mon 21 Feb 2022 03:00:01 PM UTC
Mon 21 Feb 2022 04:00:01 PM UTC
Mon 21 Feb 2022 05:00:01 PM UTC
Mon 21 Feb 2022 06:00:01 PM UTC
Mon 21 Feb 2022 07:00:01 PM UTC
Mon 21 Feb 2022 08:00:01 PM UTC
Mon 21 Feb 2022 09:00:01 PM UTC
Mon 21 Feb 2022 10:00:01 PM UTC
Mon 21 Feb 2022 11:00:01 PM UTC
Tue 22 Feb 2022 12:00:01 AM UTC
Tue 22 Feb 2022 01:00:01 AM UTC
Tue 22 Feb 2022 02:00:01 AM UTC
Tue 22 Feb 2022 03:00:02 AM UTC
Tue 22 Feb 2022 04:00:01 AM UTC
Tue 22 Feb 2022 05:00:01 AM UTC
Tue 22 Feb 2022 06:00:01 AM UTC
Tue 22 Feb 2022 07:00:01 AM UTC
Tue 22 Feb 2022 08:00:01 AM UTC
Tue 22 Feb 2022 09:00:01 AM UTC
Tue 22 Feb 2022 10:00:01 AM UTC
Tue 22 Feb 2022 11:00:01 AM UTC
Tue 22 Feb 2022 12:00:01 PM UTC
Tue 22 Feb 2022 01:00:01 PM UTC
Tue 22 Feb 2022 02:00:01 PM UTC
Tue 22 Feb 2022 03:00:01 PM UTC
Tue 22 Feb 2022 04:00:01 PM UTC
Tue 22 Feb 2022 05:00:01 PM UTC
Tue 22 Feb 2022 06:00:01 PM UTC
Tue 22 Feb 2022 07:00:01 PM UTC
Tue 22 Feb 2022 08:00:01 PM UTC
Tue 22 Feb 2022 09:00:01 PM UTC
Tue 22 Feb 2022 10:00:01 PM UTC
Tue 22 Feb 2022 11:00:01 PM UTC
Wed 23 Feb 2022 12:00:01 AM UTC
Wed 23 Feb 2022 01:00:01 AM UTC
Wed 23 Feb 2022 02:00:01 AM UTC
Wed 23 Feb 2022 03:00:01 AM UTC
Wed 23 Feb 2022 04:00:01 AM UTC
Wed 23 Feb 2022 05:00:01 AM UTC
Wed 23 Feb 2022 06:00:01 AM UTC
Wed 23 Feb 2022 07:00:01 AM UTC
Wed 23 Feb 2022 08:00:01 AM UTC
Wed 23 Feb 2022 09:00:01 AM UTC
Wed 23 Feb 2022 10:00:01 AM UTC
Wed 23 Feb 2022 11:00:01 AM UTC
Wed 23 Feb 2022 12:00:01 PM UTC
Wed 23 Feb 2022 01:00:02 PM UTC
Wed 23 Feb 2022 02:00:01 PM UTC
Wed 23 Feb 2022 03:00:01 PM UTC
Wed 23 Feb 2022 04:00:01 PM UTC
Wed 23 Feb 2022 05:00:01 PM UTC
Wed 23 Feb 2022 06:00:01 PM UTC
Wed 23 Feb 2022 07:00:01 PM UTC
Wed 23 Feb 2022 08:00:01 PM UTC
Wed 23 Feb 2022 09:00:01 PM UTC
Wed 23 Feb 2022 10:00:01 PM UTC
Wed 23 Feb 2022 11:00:01 PM UTC
Thu 24 Feb 2022 12:00:01 AM UTC
Thu 24 Feb 2022 01:00:01 AM UTC
Thu 24 Feb 2022 02:00:01 AM UTC
Thu 24 Feb 2022 03:00:01 AM UTC
Thu 24 Feb 2022 04:00:01 AM UTC
Thu 24 Feb 2022 05:00:01 AM UTC
Thu 24 Feb 2022 06:00:01 AM UTC
Thu 24 Feb 2022 07:00:01 AM UTC
Thu 24 Feb 2022 08:00:01 AM UTC
Thu 24 Feb 2022 09:00:01 AM UTC
Thu 24 Feb 2022 10:00:01 AM UTC
Thu 24 Feb 2022 11:00:01 AM UTC
Thu 24 Feb 2022 12:00:01 PM UTC
Thu 24 Feb 2022 01:00:01 PM UTC
Thu 24 Feb 2022 02:00:01 PM UTC
Thu 24 Feb 2022 03:00:01 PM UTC
Thu 24 Feb 2022 04:00:01 PM UTC
Thu 24 Feb 2022 05:00:01 PM UTC
Thu 24 Feb 2022 06:00:01 PM UTC
Thu 24 Feb 2022 07:00:01 PM UTC
Thu 24 Feb 2022 08:00:01 PM UTC
Thu 24 Feb 2022 09:00:01 PM UTC
Thu 24 Feb 2022 10:00:01 PM UTC
Thu 24 Feb 2022 11:00:01 PM UTC
Fri 25 Feb 2022 12:00:01 AM UTC
Fri 25 Feb 2022 01:00:01 AM UTC
Fri 25 Feb 2022 02:00:01 AM UTC
Fri 25 Feb 2022 03:00:01 AM UTC
Fri 25 Feb 2022 04:00:01 AM UTC
Fri 25 Feb 2022 05:00:01 AM UTC
Fri 25 Feb 2022 06:00:01 AM UTC
Fri 25 Feb 2022 07:00:01 AM UTC
Fri 25 Feb 2022 08:00:01 AM UTC
Fri 25 Feb 2022 09:00:01 AM UTC
Fri 25 Feb 2022 10:00:01 AM UTC
Fri 25 Feb 2022 11:00:01 AM UTC
Fri 25 Feb 2022 12:00:01 PM UTC
Fri 25 Feb 2022 01:00:01 PM UTC
Fri 25 Feb 2022 02:00:01 PM UTC
Fri 25 Feb 2022 03:00:01 PM UTC
Fri 25 Feb 2022 04:00:01 PM UTC
Fri 25 Feb 2022 05:00:01 PM UTC
Fri 25 Feb 2022 06:00:01 PM UTC
Fri 25 Feb 2022 07:00:01 PM UTC
Fri 25 Feb 2022 08:00:01 PM UTC
Fri 25 Feb 2022 09:00:01 PM UTC
Fri 25 Feb 2022 10:00:01 PM UTC
Fri 25 Feb 2022 11:00:01 PM UTC
Sat 26 Feb 2022 12:00:01 AM UTC
Sat 26 Feb 2022 01:00:01 AM UTC
Sat 26 Feb 2022 02:00:01 AM UTC
Sat 26 Feb 2022 03:00:01 AM UTC
Sat 26 Feb 2022 04:00:01 AM UTC
Sat 26 Feb 2022 05:00:01 AM UTC
Sat 26 Feb 2022 06:00:01 AM UTC
Sat 26 Feb 2022 07:00:01 AM UTC
Sat 26 Feb 2022 08:00:01 AM UTC
Sat 26 Feb 2022 09:00:01 AM UTC
Sat 26 Feb 2022 10:00:01 AM UTC
Sat 26 Feb 2022 11:00:01 AM UTC
Sat 26 Feb 2022 12:00:01 PM UTC
Sat 26 Feb 2022 01:00:01 PM UTC
Sat 26 Feb 2022 02:00:01 PM UTC
Sat 26 Feb 2022 03:00:01 PM UTC
Sat 26 Feb 2022 04:00:01 PM UTC
Sat 26 Feb 2022 05:00:01 PM UTC
Sat 26 Feb 2022 06:00:01 PM UTC
Sat 26 Feb 2022 07:00:01 PM UTC
Sat 26 Feb 2022 08:00:01 PM UTC
Sat 26 Feb 2022 09:00:01 PM UTC
Sat 26 Feb 2022 10:00:01 PM UTC
Sat 26 Feb 2022 11:00:01 PM UTC
Sun 27 Feb 2022 12:00:01 AM UTC
Sun 27 Feb 2022 01:00:01 AM UTC
Sun 27 Feb 2022 02:00:01 AM UTC
Sun 27 Feb 2022 03:00:01 AM UTC
Sun 27 Feb 2022 04:00:01 AM UTC
Sun 27 Feb 2022 05:00:01 AM UTC
Sun 27 Feb 2022 06:00:01 AM UTC
Sun 27 Feb 2022 07:00:01 AM UTC
Sun 27 Feb 2022 08:00:01 AM UTC
Sun 27 Feb 2022 09:00:01 AM UTC
Sun 27 Feb 2022 10:00:01 AM UTC
Sun 27 Feb 2022 11:00:01 AM UTC
Sun 27 Feb 2022 12:00:01 PM UTC
Sun 27 Feb 2022 01:00:01 PM UTC
Sun 27 Feb 2022 02:00:01 PM UTC
Sun 27 Feb 2022 03:00:01 PM UTC
Sun 27 Feb 2022 04:00:01 PM UTC
Sun 27 Feb 2022 05:00:01 PM UTC
Sun 27 Feb 2022 06:00:01 PM UTC
Sun 27 Feb 2022 07:00:01 PM UTC
Sun 27 Feb 2022 08:00:02 PM UTC
Sun 27 Feb 2022 09:00:01 PM UTC
Sun 27 Feb 2022 10:00:01 PM UTC
Sun 27 Feb 2022 11:00:01 PM UTC
Mon 28 Feb 2022 12:00:01 AM UTC
Mon 28 Feb 2022 01:00:01 AM UTC
Mon 28 Feb 2022 02:00:01 AM UTC
Mon 28 Feb 2022 03:00:01 AM UTC
Mon 28 Feb 2022 04:00:01 AM UTC
Mon 28 Feb 2022 05:00:01 AM UTC
Mon 28 Feb 2022 06:00:01 AM UTC
Mon 28 Feb 2022 07:00:01 AM UTC
Mon 28 Feb 2022 08:00:01 AM UTC
Mon 28 Feb 2022 09:00:01 AM UTC
Mon 28 Feb 2022 10:00:01 AM UTC
Mon 28 Feb 2022 11:00:01 AM UTC
Mon 28 Feb 2022 12:00:01 PM UTC
Mon 28 Feb 2022 01:00:01 PM UTC
Mon 28 Feb 2022 02:00:01 PM UTC
Mon 28 Feb 2022 03:00:01 PM UTC
Mon 28 Feb 2022 04:00:01 PM UTC
Mon 28 Feb 2022 05:00:01 PM UTC
Mon 28 Feb 2022 06:00:01 PM UTC
Mon 28 Feb 2022 07:00:01 PM UTC
Mon 28 Feb 2022 08:00:01 PM UTC
Mon 28 Feb 2022 09:00:01 PM UTC
Mon 28 Feb 2022 10:00:01 PM UTC
Mon 28 Feb 2022 11:00:01 PM UTC
Tue 01 Mar 2022 12:00:01 AM UTC
Tue 01 Mar 2022 01:00:01 AM UTC
Tue 01 Mar 2022 02:00:01 AM UTC
Tue 01 Mar 2022 03:00:01 AM UTC
Tue 01 Mar 2022 04:00:01 AM UTC
Tue 01 Mar 2022 05:00:01 AM UTC
Tue 01 Mar 2022 06:00:01 AM UTC
Tue 01 Mar 2022 07:00:01 AM UTC
Tue 01 Mar 2022 08:00:01 AM UTC
Tue 01 Mar 2022 09:00:01 AM UTC
Tue 01 Mar 2022 10:00:01 AM UTC
Tue 01 Mar 2022 11:00:01 AM UTC
Tue 01 Mar 2022 12:00:01 PM UTC
Tue 01 Mar 2022 01:00:01 PM UTC
Tue 01 Mar 2022 02:00:01 PM UTC
Tue 01 Mar 2022 03:00:01 PM UTC
Tue 01 Mar 2022 04:00:01 PM UTC
Tue 01 Mar 2022 05:00:01 PM UTC
Tue 01 Mar 2022 06:00:01 PM UTC
Tue 01 Mar 2022 07:00:01 PM UTC
Tue 01 Mar 2022 08:00:01 PM UTC
Tue 01 Mar 2022 09:00:01 PM UTC
Tue 01 Mar 2022 10:00:01 PM UTC
Tue 01 Mar 2022 11:00:01 PM UTC
Wed 02 Mar 2022 12:00:01 AM UTC
Wed 02 Mar 2022 01:00:01 AM UTC
Wed 02 Mar 2022 02:00:01 AM UTC
Wed 02 Mar 2022 03:00:01 AM UTC
Wed 02 Mar 2022 04:00:01 AM UTC
Wed 02 Mar 2022 05:00:01 AM UTC
Wed 02 Mar 2022 06:00:01 AM UTC
Wed 02 Mar 2022 07:00:01 AM UTC
Wed 02 Mar 2022 08:00:01 AM UTC
Wed 02 Mar 2022 09:00:01 AM UTC
Wed 02 Mar 2022 10:00:01 AM UTC
Wed 02 Mar 2022 11:00:01 AM UTC
Wed 02 Mar 2022 12:00:01 PM UTC
Wed 02 Mar 2022 01:00:01 PM UTC
Wed 02 Mar 2022 02:00:01 PM UTC
Wed 02 Mar 2022 03:00:01 PM UTC
Wed 02 Mar 2022 04:00:01 PM UTC
Wed 02 Mar 2022 05:00:01 PM UTC
Wed 02 Mar 2022 06:00:01 PM UTC
Wed 02 Mar 2022 07:00:01 PM UTC
Wed 02 Mar 2022 08:00:01 PM UTC
Wed 02 Mar 2022 09:00:01 PM UTC
Wed 02 Mar 2022 10:00:01 PM UTC
Wed 02 Mar 2022 11:00:01 PM UTC
Thu 03 Mar 2022 12:00:01 AM UTC
Thu 03 Mar 2022 01:00:01 AM UTC
Thu 03 Mar 2022 02:00:01 AM UTC
Thu 03 Mar 2022 03:00:01 AM UTC
Thu 03 Mar 2022 04:00:01 AM UTC
Thu 03 Mar 2022 05:00:02 AM UTC
Thu 03 Mar 2022 06:00:01 AM UTC
Thu 03 Mar 2022 07:00:01 AM UTC
Thu 03 Mar 2022 08:00:01 AM UTC
Thu 03 Mar 2022 09:00:01 AM UTC
Thu 03 Mar 2022 10:00:01 AM UTC
Thu 03 Mar 2022 11:00:01 AM UTC
Thu 03 Mar 2022 12:00:01 PM UTC
Thu 03 Mar 2022 01:00:01 PM UTC
Thu 03 Mar 2022 02:00:01 PM UTC
Thu 03 Mar 2022 03:00:01 PM UTC
Thu 03 Mar 2022 04:00:01 PM UTC
Thu 03 Mar 2022 05:00:01 PM UTC
Thu 03 Mar 2022 06:00:01 PM UTC
Thu 03 Mar 2022 07:00:01 PM UTC
Thu 03 Mar 2022 08:00:01 PM UTC
Thu 03 Mar 2022 09:00:01 PM UTC
Thu 03 Mar 2022 10:00:01 PM UTC
Thu 03 Mar 2022 11:00:01 PM UTC
Fri 04 Mar 2022 12:00:01 AM UTC
Fri 04 Mar 2022 01:00:01 AM UTC
Fri 04 Mar 2022 02:00:01 AM UTC
Fri 04 Mar 2022 03:00:01 AM UTC
Fri 04 Mar 2022 04:00:01 AM UTC
Fri 04 Mar 2022 05:00:01 AM UTC
Fri 04 Mar 2022 06:00:01 AM UTC
Fri 04 Mar 2022 07:00:01 AM UTC
Fri 04 Mar 2022 08:00:01 AM UTC
Fri 04 Mar 2022 09:00:01 AM UTC
Fri 04 Mar 2022 10:00:01 AM UTC
Fri 04 Mar 2022 11:00:01 AM UTC
Fri 04 Mar 2022 12:00:01 PM UTC
Fri 04 Mar 2022 01:00:01 PM UTC
Fri 04 Mar 2022 02:00:01 PM UTC
Fri 04 Mar 2022 03:00:01 PM UTC
Fri 04 Mar 2022 04:00:01 PM UTC
Fri 04 Mar 2022 05:00:01 PM UTC
Fri 04 Mar 2022 06:00:01 PM UTC
Fri 04 Mar 2022 07:00:01 PM UTC
Fri 04 Mar 2022 08:00:01 PM UTC
Fri 04 Mar 2022 09:00:01 PM UTC
Fri 04 Mar 2022 10:00:01 PM UTC
Fri 04 Mar 2022 11:00:01 PM UTC
Sat 05 Mar 2022 12:00:01 AM UTC
Sat 05 Mar 2022 01:00:01 AM UTC
Sat 05 Mar 2022 02:00:01 AM UTC
Sat 05 Mar 2022 03:00:01 AM UTC
Sat 05 Mar 2022 04:00:01 AM UTC
Sat 05 Mar 2022 05:00:01 AM UTC
Sat 05 Mar 2022 06:00:01 AM UTC
Sat 05 Mar 2022 07:00:01 AM UTC
Sat 05 Mar 2022 08:00:01 AM UTC
Sat 05 Mar 2022 09:00:01 AM UTC
Sat 05 Mar 2022 10:00:01 AM UTC
Sat 05 Mar 2022 11:00:01 AM UTC
Sat 05 Mar 2022 12:00:01 PM UTC
Sat 05 Mar 2022 01:00:01 PM UTC
Sat 05 Mar 2022 02:00:01 PM UTC
Sat 05 Mar 2022 03:00:01 PM UTC
Sat 05 Mar 2022 04:00:01 PM UTC
Sat 05 Mar 2022 05:00:01 PM UTC
Sat 05 Mar 2022 06:00:01 PM UTC
Sat 05 Mar 2022 07:00:01 PM UTC
Sat 05 Mar 2022 08:00:01 PM UTC
Sat 05 Mar 2022 09:00:01 PM UTC
Sat 05 Mar 2022 10:00:01 PM UTC
Sat 05 Mar 2022 11:00:01 PM UTC
Sun 06 Mar 2022 12:00:01 AM UTC
Sun 06 Mar 2022 01:00:01 AM UTC
